  Rasterizer.cpp
D:\WORK\CG\softRasterizer\softRasterizer\GameObject.h(20,15): warning C4244: “初始化”: 从“double”转换到“float”，可能丢失数据
D:\WORK\CG\softRasterizer\softRasterizer\GameObject.h(21,14): warning C4244: “初始化”: 从“double”转换到“float”，可能丢失数据
D:\WORK\CG\softRasterizer\softRasterizer\GameObject.h(22,15): warning C4244: “初始化”: 从“double”转换到“float”，可能丢失数据
D:\WORK\CG\softRasterizer\softRasterizer\Model.h(48,21): warning C4101: “itrash”: 未引用的局部变量
D:\WORK\CG\softRasterizer\softRasterizer\Rasterizer.cpp(46,86): warning C4244: “参数”: 从“T”转换到“T”，可能丢失数据
          with
          [
              T=float
          ]
          and
          [
              T=int
          ]
D:\WORK\CG\softRasterizer\softRasterizer\Rasterizer.cpp(46,48): warning C4244: “参数”: 从“T”转换到“T”，可能丢失数据
          with
          [
              T=float
          ]
          and
          [
              T=int
          ]
D:\WORK\CG\softRasterizer\softRasterizer\Rasterizer.cpp(47,86): warning C4244: “参数”: 从“T”转换到“T”，可能丢失数据
          with
          [
              T=float
          ]
          and
          [
              T=int
          ]
D:\WORK\CG\softRasterizer\softRasterizer\Rasterizer.cpp(47,48): warning C4244: “参数”: 从“T”转换到“T”，可能丢失数据
          with
          [
              T=float
          ]
          and
          [
              T=int
          ]
D:\WORK\CG\softRasterizer\softRasterizer\Rasterizer.cpp(48,86): warning C4244: “参数”: 从“T”转换到“T”，可能丢失数据
          with
          [
              T=float
          ]
          and
          [
              T=int
          ]
D:\WORK\CG\softRasterizer\softRasterizer\Rasterizer.cpp(48,48): warning C4244: “参数”: 从“T”转换到“T”，可能丢失数据
          with
          [
              T=float
          ]
          and
          [
              T=int
          ]
D:\WORK\CG\softRasterizer\softRasterizer\Rasterizer.cpp(62,19): warning C4244: “=”: 从“T”转换到“float”，可能丢失数据
          with
          [
              T=int
          ]
D:\WORK\CG\softRasterizer\softRasterizer\Rasterizer.cpp(63,19): warning C4244: “=”: 从“T”转换到“float”，可能丢失数据
          with
          [
              T=int
          ]
D:\WORK\CG\softRasterizer\softRasterizer\Rasterizer.cpp(64,19): warning C4244: “=”: 从“T”转换到“float”，可能丢失数据
          with
          [
              T=int
          ]
D:\WORK\CG\softRasterizer\softRasterizer\Rasterizer.cpp(65,19): warning C4244: “=”: 从“T”转换到“float”，可能丢失数据
          with
          [
              T=int
          ]
D:\WORK\CG\softRasterizer\softRasterizer\Rasterizer.cpp(74,15): warning C4244: “参数”: 从“int”转换到“T”，可能丢失数据
          with
          [
              T=float
          ]
D:\WORK\CG\softRasterizer\softRasterizer\Rasterizer.cpp(74,12): warning C4244: “参数”: 从“int”转换到“T”，可能丢失数据
          with
          [
              T=float
          ]
D:\WORK\CG\softRasterizer\softRasterizer\tgaimage.h(56,12): warning C4244: “=”: 从“float”转换到“unsigned char”，可能丢失数据
D:\WORK\CG\softRasterizer\softRasterizer\Rasterizer.cpp(117): message : 查看对正在编译的函数 模板 实例化“TGAColor::TGAColor<float>(const Vec4<float> &)”的引用
D:\WORK\CG\softRasterizer\softRasterizer\tgaimage.h(57,12): warning C4244: “=”: 从“float”转换到“unsigned char”，可能丢失数据
D:\WORK\CG\softRasterizer\softRasterizer\tgaimage.h(58,12): warning C4244: “=”: 从“float”转换到“unsigned char”，可能丢失数据
D:\WORK\CG\softRasterizer\softRasterizer\tgaimage.h(59,12): warning C4244: “=”: 从“float”转换到“unsigned char”，可能丢失数据
  softRasterizer.vcxproj -> D:\WORK\CG\softRasterizer\Debug\softRasterizer.exe
